<?xml version="1.0" encoding="UTF-8"?>
<!-- Generated by org.testng.reporters.JUnitXMLReporter -->
<testsuite hostname="QA-SERGIY-K" ignored="2" name="Front Home test" tests="9" failures="3" timestamp="04 Jan 2018 11:13:00 GMT" time="16.252" errors="0">
  <testcase name="test0" time="3.745" classname="base.FirstTest"/>
  <testcase name="test0" time="0.082" classname="base.FirstTest"/>
  <testcase name="test0" time="0.038" classname="base.FirstTest"/>
  <testcase name="test1" time="4.007" classname="base.FirstTest">
    <failure type="java.lang.AssertionError" message="Wrong page title expected [Domain Names Search - Domain Name Registration Australia | Crazy Domains AU] but found [Domain Names Search - Domain Name Registration Australia | Crazy Domains AUq]">
      <![CDATA[java.lang.AssertionError: Wrong page title expected [Domain Names Search - Domain Name Registration Australia | Crazy Domains AU] but found [Domain Names Search - Domain Name Registration Australia | Crazy Domains AUq]at base.FirstTest.test1(FirstTest.java:28)... Removed 30 stack frames]]>
    </failure>
  </testcase> <!-- test1 -->
  <testcase name="test1" time="0.023" classname="base.FirstTest">
    <failure type="java.lang.AssertionError" message="Wrong page title expected [Domain Names Search - Domain Name Registration Australia | Crazy Domains AU] but found [Domain Names Search - Domain Name Registration Australia | Crazy Domains AUq]">
      <![CDATA[java.lang.AssertionError: Wrong page title expected [Domain Names Search - Domain Name Registration Australia | Crazy Domains AU] but found [Domain Names Search - Domain Name Registration Australia | Crazy Domains AUq]at base.FirstTest.test1(FirstTest.java:28)... Removed 30 stack frames]]>
    </failure>
  </testcase> <!-- test1 -->
  <testcase name="test1" time="0.024" classname="base.FirstTest">
    <failure type="java.lang.AssertionError" message="Wrong page title expected [Domain Names Search - Domain Name Registration Australia | Crazy Domains AU] but found [Domain Names Search - Domain Name Registration Australia | Crazy Domains AUq]">
      <![CDATA[java.lang.AssertionError: Wrong page title expected [Domain Names Search - Domain Name Registration Australia | Crazy Domains AU] but found [Domain Names Search - Domain Name Registration Australia | Crazy Domains AUq]at base.FirstTest.test1(FirstTest.java:28)... Removed 30 stack frames]]>
    </failure>
  </testcase> <!-- test1 -->
  <testcase name="test2" time="2.181" classname="base.FirstTest"/>
  <testcase name="test3" time="2.415" classname="base.FirstTest"/>
  <testcase name="test3" time="0.013" classname="base.SecondTest"/>
  <testcase name="@BeforeSuite tearUp" time="0.0" classname="base.BasicTest">
    <ignored/>
  </testcase> <!-- @BeforeSuite tearUp -->
  <testcase name="@AfterSuite tearDown" time="0.0" classname="base.BasicTest">
    <ignored/>
  </testcase> <!-- @AfterSuite tearDown -->
</testsuite> <!-- Front Home test -->
